# Logfile created on 2019-11-30 19:22:43 -0800 by logger.rb/v1.4.1
E, [2019-11-30T19:22:43.029547 #3451] ERROR -- : undefined method `map' for #<Scraper::BookInfo:0x000055d3b0700df8>
Did you mean?  tap
E, [2019-11-30T19:22:43.030867 #3451] ERROR -- : undefined method `map' for #<Scraper::BookInfo:0x000055d3b0c79b90>
Did you mean?  tap
E, [2019-11-30T19:22:43.032404 #3451] ERROR -- : undefined method `map' for #<Scraper::BookInfo:0x000055d3b0ebf3f0>
Did you mean?  tap
E, [2019-11-30T19:22:43.033629 #3451] ERROR -- : undefined method `map' for #<Scraper::BookInfo:0x000055d3b0f13298>
Did you mean?  tap
E, [2019-11-30T19:22:43.034715 #3451] ERROR -- : undefined method `map' for #<Scraper::BookInfo:0x000055d3b0f7d7d8>
Did you mean?  tap
E, [2019-11-30T19:22:43.035756 #3451] ERROR -- : undefined method `map' for #<Scraper::BookInfo:0x000055d3b0fe5658>
Did you mean?  tap
E, [2019-12-01T07:49:54.136847 #2887] ERROR -- : undefined method `map' for #<Scraper::BookInfo:0x000055f604498018>
Did you mean?  tap
E, [2019-12-01T07:49:54.138481 #2887] ERROR -- : undefined method `map' for #<Scraper::BookInfo:0x000055f6047c8440>
Did you mean?  tap
E, [2019-12-01T07:49:54.139422 #2887] ERROR -- : undefined method `map' for #<Scraper::BookInfo:0x000055f6049902f0>
Did you mean?  tap
E, [2019-12-01T07:49:54.140455 #2887] ERROR -- : undefined method `map' for #<Scraper::BookInfo:0x000055f604a37a50>
Did you mean?  tap
E, [2019-12-01T07:49:54.141447 #2887] ERROR -- : undefined method `map' for #<Scraper::BookInfo:0x000055f604a95df8>
Did you mean?  tap
E, [2019-12-01T07:49:54.142534 #2887] ERROR -- : undefined method `map' for #<Scraper::BookInfo:0x000055f604c5d230>
Did you mean?  tap
E, [2019-12-02T05:43:45.401988 #3092] ERROR -- : undefined method `map' for #<String:0x0000558ed2068f68>
Did you mean?  tap
E, [2019-12-02T05:43:45.405738 #3092] ERROR -- : undefined method `map' for #<String:0x0000558ed1f99bc8>
Did you mean?  tap
E, [2019-12-02T05:43:45.408645 #3092] ERROR -- : undefined method `map' for #<String:0x0000558ed21e7150>
Did you mean?  tap
E, [2019-12-02T05:43:45.414314 #3092] ERROR -- : undefined method `map' for #<String:0x0000558ed243b730>
Did you mean?  tap
E, [2019-12-02T05:43:45.417500 #3092] ERROR -- : undefined method `map' for #<String:0x0000558ed244d318>
Did you mean?  tap
E, [2019-12-02T05:43:45.420561 #3092] ERROR -- : undefined method `map' for #<String:0x0000558ed24764c0>
Did you mean?  tap
E, [2019-12-02T05:50:33.846274 #3170] ERROR -- : undefined method `map' for #<String:0x000055ae2da3e6d0>
Did you mean?  tap
E, [2019-12-02T05:50:33.848909 #3170] ERROR -- : undefined method `map' for #<String:0x000055ae2d96fc40>
Did you mean?  tap
E, [2019-12-02T05:50:33.851538 #3170] ERROR -- : undefined method `map' for #<String:0x000055ae2dbb0608>
Did you mean?  tap
E, [2019-12-02T05:50:33.857100 #3170] ERROR -- : undefined method `map' for #<String:0x000055ae2de0bcb8>
Did you mean?  tap
E, [2019-12-02T05:50:33.859900 #3170] ERROR -- : undefined method `map' for #<String:0x000055ae2de1d878>
Did you mean?  tap
E, [2019-12-02T05:50:33.862464 #3170] ERROR -- : undefined method `map' for #<String:0x000055ae2de469d0>
Did you mean?  tap
E, [2019-12-02T05:55:40.878893 #3404] ERROR -- : undefined method `map' for #<String:0x00005619eba56fa8>
Did you mean?  tap
E, [2019-12-02T05:55:40.880556 #3404] ERROR -- : undefined method `map' for #<String:0x00005619eb99c888>
Did you mean?  tap
E, [2019-12-02T05:55:40.882127 #3404] ERROR -- : undefined method `map' for #<String:0x00005619ebc1c798>
Did you mean?  tap
E, [2019-12-02T05:55:40.883601 #3404] ERROR -- : undefined method `map' for #<String:0x00005619ebe258a0>
Did you mean?  tap
E, [2019-12-02T05:55:40.885160 #3404] ERROR -- : undefined method `map' for #<String:0x00005619ebe48968>
Did you mean?  tap
E, [2019-12-02T05:55:40.886688 #3404] ERROR -- : undefined method `map' for #<String:0x00005619ebe7feb8>
Did you mean?  tap
I, [2019-12-02T05:57:29.228364 #3435]  INFO -- : name=%E3%83%99%E3%83%AB%E3%82%BB%E3%83%AB%E3%82%AF&author=%E4%B8%89%E6%B5%A6+%E5%81%A5%E5%A4%AA%E9%83%8E&publisher=%E7%99%BD%E6%B3%89%E7%A4%BE
E, [2019-12-02T05:57:29.230280 #3435] ERROR -- : undefined method `map' for #<String:0x000055e79ac788c8>
Did you mean?  tap
I, [2019-12-02T05:57:29.230491 #3435]  INFO -- : name=%E3%83%99%E3%83%AB%E3%82%BB%E3%83%AB%E3%82%AF&author=%E4%B8%89%E6%B5%A6+%E5%81%A5%E5%A4%AA%E9%83%8E&publisher=%E7%99%BD%E6%B3%89%E7%A4%BE
E, [2019-12-02T05:57:29.231896 #3435] ERROR -- : undefined method `map' for #<String:0x000055e79abc1c40>
Did you mean?  tap
I, [2019-12-02T05:57:29.232104 #3435]  INFO -- : name=%E3%83%99%E3%83%AB%E3%82%BB%E3%83%AB%E3%82%AF&author=%E4%B8%89%E6%B5%A6+%E5%81%A5%E5%A4%AA%E9%83%8E&publisher=%E7%99%BD%E6%B3%89%E7%A4%BE
E, [2019-12-02T05:57:29.233418 #3435] ERROR -- : undefined method `map' for #<String:0x000055e79ae40b38>
Did you mean?  tap
I, [2019-12-02T05:57:29.233625 #3435]  INFO -- : name=%E3%83%99%E3%83%AB%E3%82%BB%E3%83%AB%E3%82%AF&author=%E4%B8%89%E6%B5%A6+%E5%81%A5%E5%A4%AA%E9%83%8E&publisher=%E7%99%BD%E6%B3%89%E7%A4%BE
E, [2019-12-02T05:57:29.235229 #3435] ERROR -- : undefined method `map' for #<String:0x000055e79b0456e0>
Did you mean?  tap
I, [2019-12-02T05:57:29.238111 #3435]  INFO -- : name=%E3%83%99%E3%83%AB%E3%82%BB%E3%83%AB%E3%82%AF&author=%E4%B8%89%E6%B5%A6+%E5%81%A5%E5%A4%AA%E9%83%8E&publisher=%E7%99%BD%E6%B3%89%E7%A4%BE
E, [2019-12-02T05:57:29.240238 #3435] ERROR -- : undefined method `map' for #<String:0x000055e79b068460>
Did you mean?  tap
I, [2019-12-02T05:57:29.240550 #3435]  INFO -- : name=%E3%83%99%E3%83%AB%E3%82%BB%E3%83%AB%E3%82%AF&author=%E4%B8%89%E6%B5%A6+%E5%81%A5%E5%A4%AA%E9%83%8E&publisher=%E7%99%BD%E6%B3%89%E7%A4%BE
E, [2019-12-02T05:57:29.242687 #3435] ERROR -- : undefined method `map' for #<String:0x000055e79b09f7f8>
Did you mean?  tap
I, [2019-12-02T05:58:09.900596 #3466]  INFO -- : {"@title":"title=メスっこ大好き　　　　ＴＥＮＭＡ　ＣＯＭＩＣＳ　ＬＯ","@author":"author=あいらんどう 著","@comic_name":"comic_name=ＴＥＮＭＡ　ＣＯＭＩＣＳ","@publisher":"publisher=茜新社","@release_date":"release_date=20191226","@is_adult":"adult=true"}
E, [2019-12-02T05:58:09.902624 #3466] ERROR -- : undefined method `map' for #<String:0x000055b8f8e41798>
Did you mean?  tap
I, [2019-12-02T05:58:09.902851 #3466]  INFO -- : {"@title":"title=とろとろむちゅう　　　　ＴＥＮＭＡ　ＣＯＭＩＣＳ　ＬＯ","@author":"author=ふみー 著","@comic_name":"comic_name=ＴＥＮＭＡ　ＣＯＭＩＣＳ","@publisher":"publisher=茜新社","@release_date":"release_date=20191226","@is_adult":"adult=true"}
E, [2019-12-02T05:58:09.904201 #3466] ERROR -- : undefined method `map' for #<String:0x000055b8f8d65950>
Did you mean?  tap
I, [2019-12-02T05:58:09.904428 #3466]  INFO -- : {"@title":"title=双体性おとめ理論　　　　ＴＥＮＭＡ　ＣＯＭＩＣＳ　ＬＯ","@author":"author=無道叡智 著","@comic_name":"comic_name=ＴＥＮＭＡ　ＣＯＭＩＣＳ","@publisher":"publisher=茜新社","@release_date":"release_date=20191226","@is_adult":"adult=true"}
E, [2019-12-02T05:58:09.905705 #3466] ERROR -- : undefined method `map' for #<String:0x000055b8f8fff7d8>
Did you mean?  tap
I, [2019-12-02T05:58:09.905926 #3466]  INFO -- : {"@title":"title=ヘンな処女でもいいですか？　　　　ＡＯＨＡ　ＣＯＭＩＣＳ","@author":"author=薬味紅生姜 著","@comic_name":"comic_name=ＴＥＮＭＡ　ＣＯＭＩＣＳ","@publisher":"publisher=茜新社","@release_date":"release_date=20191226","@is_adult":"adult=true"}
E, [2019-12-02T05:58:09.907294 #3466] ERROR -- : undefined method `map' for #<String:0x000055b8f91ff588>
Did you mean?  tap
I, [2019-12-02T05:58:09.907550 #3466]  INFO -- : {"@title":"title=ＢＯＲＤＥＲＬＩＮＥ　　　　ＡＯＨＡ　ＣＯＭＩＣＳ","@author":"author=桐原　湧 著","@comic_name":"comic_name=ＴＥＮＭＡ　ＣＯＭＩＣＳ","@publisher":"publisher=茜新社","@release_date":"release_date=20191226","@is_adult":"adult=true"}
E, [2019-12-02T05:58:09.908850 #3466] ERROR -- : undefined method `map' for #<String:0x000055b8f9225148>
Did you mean?  tap
I, [2019-12-02T05:58:09.909111 #3466]  INFO -- : {"@title":"title=ロマンティック　　　　ＥＤＧＥ　ＣＯＭＩＸ","@author":"author=西田ヒガシ 著","@comic_name":"comic_name=ＴＥＮＭＡ　ＣＯＭＩＣＳ","@publisher":"publisher=茜新社","@release_date":"release_date=20191226","@is_adult":"adult=false"}
E, [2019-12-02T05:58:09.913067 #3466] ERROR -- : undefined method `map' for #<String:0x000055b8f9250668>
Did you mean?  tap
I, [2019-12-02T06:27:16.822076 #3784]  INFO -- : {"@title":"title=メスっこ大好き　　　　ＴＥＮＭＡ　ＣＯＭＩＣＳ　ＬＯ","@author":"author=あいらんどう 著","@comic_name":"comic_name=ＴＥＮＭＡ　ＣＯＭＩＣＳ","@publisher":"publisher=茜新社","@release_date":"release_date=20191226","@is_adult":"adult=true"}
E, [2019-12-02T06:27:16.824384 #3784] ERROR -- : undefined method `map' for #<String:0x000055dd013d9828>
Did you mean?  tap
I, [2019-12-02T06:27:16.825728 #3784]  INFO -- : {"@title":"title=とろとろむちゅう　　　　ＴＥＮＭＡ　ＣＯＭＩＣＳ　ＬＯ","@author":"author=ふみー 著","@comic_name":"comic_name=ＴＥＮＭＡ　ＣＯＭＩＣＳ","@publisher":"publisher=茜新社","@release_date":"release_date=20191226","@is_adult":"adult=true"}
E, [2019-12-02T06:27:16.827090 #3784] ERROR -- : undefined method `map' for #<String:0x000055dd0130f230>
Did you mean?  tap
I, [2019-12-02T06:27:16.828573 #3784]  INFO -- : {"@title":"title=双体性おとめ理論　　　　ＴＥＮＭＡ　ＣＯＭＩＣＳ　ＬＯ","@author":"author=無道叡智 著","@comic_name":"comic_name=ＴＥＮＭＡ　ＣＯＭＩＣＳ","@publisher":"publisher=茜新社","@release_date":"release_date=20191226","@is_adult":"adult=true"}
E, [2019-12-02T06:27:16.829927 #3784] ERROR -- : undefined method `map' for #<String:0x000055dd0176b3b0>
Did you mean?  tap
I, [2019-12-02T06:27:16.834510 #3784]  INFO -- : {"@title":"title=ヘンな処女でもいいですか？　　　　ＡＯＨＡ　ＣＯＭＩＣＳ","@author":"author=薬味紅生姜 著","@comic_name":"comic_name=ＴＥＮＭＡ　ＣＯＭＩＣＳ","@publisher":"publisher=茜新社","@release_date":"release_date=20191226","@is_adult":"adult=true"}
E, [2019-12-02T06:27:16.837025 #3784] ERROR -- : undefined method `map' for #<String:0x000055dd0179dba8>
Did you mean?  tap
I, [2019-12-02T06:27:16.838723 #3784]  INFO -- : {"@title":"title=ＢＯＲＤＥＲＬＩＮＥ　　　　ＡＯＨＡ　ＣＯＭＩＣＳ","@author":"author=桐原　湧 著","@comic_name":"comic_name=ＴＥＮＭＡ　ＣＯＭＩＣＳ","@publisher":"publisher=茜新社","@release_date":"release_date=20191226","@is_adult":"adult=true"}
E, [2019-12-02T06:27:16.840185 #3784] ERROR -- : undefined method `map' for #<String:0x000055dd017cb7d8>
Did you mean?  tap
I, [2019-12-02T06:27:16.841722 #3784]  INFO -- : {"@title":"title=ロマンティック　　　　ＥＤＧＥ　ＣＯＭＩＸ","@author":"author=西田ヒガシ 著","@comic_name":"comic_name=ＴＥＮＭＡ　ＣＯＭＩＣＳ","@publisher":"publisher=茜新社","@release_date":"release_date=20191226","@is_adult":"adult=false"}
E, [2019-12-02T06:27:16.843207 #3784] ERROR -- : undefined method `map' for #<String:0x000055dd017f6b90>
Did you mean?  tap
D, [2019-12-02T06:37:59.976550 #3828] DEBUG -- : --- begin ----------------------
D, [2019-12-02T06:37:59.976658 #3828] DEBUG -- : {"@title":"title=メスっこ大好き　　　　ＴＥＮＭＡ　ＣＯＭＩＣＳ　ＬＯ","@author":"author=あいらんどう 著","@comic_name":"comic_name=ＴＥＮＭＡ　ＣＯＭＩＣＳ","@publisher":"publisher=茜新社","@release_date":"release_date=20191226","@is_adult":"adult=true"}
D, [2019-12-02T06:37:59.976694 #3828] DEBUG -- : --- end ------------------------
D, [2019-12-02T06:42:39.336235 #3879] DEBUG -- : --- begin ----------------------
D, [2019-12-02T06:42:39.336588 #3879] DEBUG -- : "#<BookInfo:0x00005587b2f1d378>"
D, [2019-12-02T06:42:39.336773 #3879] DEBUG -- : --- end ------------------------
D, [2019-12-02T06:43:00.525325 #3909] DEBUG -- : --- begin ----------------------
D, [2019-12-02T06:43:00.525700 #3909] DEBUG -- : {"@title":"title=メスっこ大好き　　　　ＴＥＮＭＡ　ＣＯＭＩＣＳ　ＬＯ","@author":"author=あいらんどう 著","@comic_name":"comic_name=ＴＥＮＭＡ　ＣＯＭＩＣＳ","@publisher":"publisher=茜新社","@release_date":"release_date=20191226","@is_adult":"adult=true"}
D, [2019-12-02T06:43:00.526531 #3909] DEBUG -- : --- end ------------------------
D, [2019-12-02T06:53:29.123236 #4003] DEBUG -- : --- begin ----------------------
D, [2019-12-02T06:53:29.123699 #4003] DEBUG -- : {"@title":"title=メスっこ大好き　　　　ＴＥＮＭＡ　ＣＯＭＩＣＳ　ＬＯ","@author":"author=あいらんどう 著","@comic_name":"comic_name=ＴＥＮＭＡ　ＣＯＭＩＣＳ","@publisher":"publisher=茜新社","@release_date":"release_date=20191226","@is_adult":"adult=true"}
D, [2019-12-02T06:53:29.124450 #4003] DEBUG -- : title=メスっこ大好き　　　　ＴＥＮＭＡ　ＣＯＭＩＣＳ　ＬＯ
D, [2019-12-02T06:53:29.124600 #4003] DEBUG -- : author=あいらんどう 著
D, [2019-12-02T06:53:29.124743 #4003] DEBUG -- : --- end ------------------------
D, [2019-12-02T06:54:25.034194 #4041] DEBUG -- : --- begin ----------------------
D, [2019-12-02T06:54:25.035142 #4041] DEBUG -- : {"@title":"メスっこ大好き　　　　ＴＥＮＭＡ　ＣＯＭＩＣＳ　ＬＯ","@author":"author=あいらんどう 著","@comic_name":"comic_name=ＴＥＮＭＡ　ＣＯＭＩＣＳ","@publisher":"publisher=茜新社","@release_date":"release_date=20191226","@is_adult":"adult=true"}
D, [2019-12-02T06:54:25.035186 #4041] DEBUG -- : メスっこ大好き　　　　ＴＥＮＭＡ　ＣＯＭＩＣＳ　ＬＯ
D, [2019-12-02T06:54:25.035218 #4041] DEBUG -- : author=あいらんどう 著
D, [2019-12-02T06:54:25.035247 #4041] DEBUG -- : --- end ------------------------
D, [2019-12-02T06:55:36.749582 #4074] DEBUG -- : --- begin ----------------------
D, [2019-12-02T06:55:36.750568 #4074] DEBUG -- : {"@title":"メスっこ大好き　　　　ＴＥＮＭＡ　ＣＯＭＩＣＳ　ＬＯ","@author":"あいらんどう 著","@comic_name":"ＴＥＮＭＡ　ＣＯＭＩＣＳ","@publisher":"茜新社","@release_date":"20191226","@is_adult":"true"}
D, [2019-12-02T06:55:36.750612 #4074] DEBUG -- : メスっこ大好き　　　　ＴＥＮＭＡ　ＣＯＭＩＣＳ　ＬＯ
D, [2019-12-02T06:55:36.750643 #4074] DEBUG -- : あいらんどう 著
D, [2019-12-02T06:55:36.750671 #4074] DEBUG -- : --- end ------------------------
D, [2019-12-02T07:26:58.704902 #4619] DEBUG -- : --- begin ----------------------
D, [2019-12-02T07:26:58.705301 #4619] DEBUG -- : {"@name":"メスっこ大好き　　　　ＴＥＮＭＡ　ＣＯＭＩＣＳ　ＬＯ","@author":"あいらんどう 著","@comic_name":"ＴＥＮＭＡ　ＣＯＭＩＣＳ","@publisher":"茜新社","@publish_date":"20191226","@is_adult":"true"}
D, [2019-12-02T07:29:36.226845 #4666] DEBUG -- : --- begin ----------------------
D, [2019-12-02T07:30:24.010490 #4697] DEBUG -- : --- begin ----------------------
D, [2019-12-02T07:30:24.011044 #4697] DEBUG -- : {"name":"メスっこ大好き　　　　ＴＥＮＭＡ　ＣＯＭＩＣＳ　ＬＯ","author":"あいらんどう 著","comic_name":"ＴＥＮＭＡ　ＣＯＭＩＣＳ","publisher":"茜新社","publish_date":"20191226","is_adult":"true"}
D, [2019-12-02T07:30:24.011239 #4697] DEBUG -- : メスっこ大好き　　　　ＴＥＮＭＡ　ＣＯＭＩＣＳ　ＬＯ
D, [2019-12-02T07:30:24.011405 #4697] DEBUG -- : あいらんどう 著
D, [2019-12-02T07:30:24.011547 #4697] DEBUG -- : --- end ------------------------
D, [2019-12-02T07:35:27.895810 #4740] DEBUG -- : --- begin ----------------------
D, [2019-12-02T07:35:27.896240 #4740] DEBUG -- : {"name":"メスっこ大好き　　　　ＴＥＮＭＡ　ＣＯＭＩＣＳ　ＬＯ","author":"あいらんどう 著","comic_name":"ＴＥＮＭＡ　ＣＯＭＩＣＳ","publisher":"茜新社","publish_date":"20191226","is_adult":"true"}
D, [2019-12-02T07:35:27.897179 #4740] DEBUG -- : メスっこ大好き　　　　ＴＥＮＭＡ　ＣＯＭＩＣＳ　ＬＯ
D, [2019-12-02T07:35:27.897346 #4740] DEBUG -- : あいらんどう 著
D, [2019-12-02T07:35:27.897487 #4740] DEBUG -- : --- end ------------------------
D, [2019-12-02T07:35:55.779623 #4770] DEBUG -- : --- begin ----------------------
D, [2019-12-02T07:35:55.779769 #4770] DEBUG -- : {"name":"メスっこ大好き　　　　ＴＥＮＭＡ　ＣＯＭＩＣＳ　ＬＯ","author":"あいらんどう 著","comic_name":"ＴＥＮＭＡ　ＣＯＭＩＣＳ","publisher":"茜新社","publish_date":"20191226","is_adult":"true"}
D, [2019-12-02T07:35:55.779810 #4770] DEBUG -- : メスっこ大好き　　　　ＴＥＮＭＡ　ＣＯＭＩＣＳ　ＬＯ
D, [2019-12-02T07:35:55.779841 #4770] DEBUG -- : あいらんどう 著
D, [2019-12-02T07:35:55.779897 #4770] DEBUG -- : --- end ------------------------
D, [2019-12-02T07:35:55.779968 #4770] DEBUG -- : uri.parse end localhost:3000
E, [2019-12-02T07:35:55.781982 #4770] ERROR -- : undefined method `map' for #<String:0x000056038ca6d368>
Did you mean?  tap
D, [2019-12-02T07:35:55.782163 #4770] DEBUG -- : --- begin ----------------------
D, [2019-12-02T07:35:55.782234 #4770] DEBUG -- : {"name":"とろとろむちゅう　　　　ＴＥＮＭＡ　ＣＯＭＩＣＳ　ＬＯ","author":"ふみー 著","comic_name":"ＴＥＮＭＡ　ＣＯＭＩＣＳ","publisher":"茜新社","publish_date":"20191226","is_adult":"true"}
D, [2019-12-02T07:35:55.782272 #4770] DEBUG -- : とろとろむちゅう　　　　ＴＥＮＭＡ　ＣＯＭＩＣＳ　ＬＯ
D, [2019-12-02T07:35:55.782308 #4770] DEBUG -- : ふみー 著
D, [2019-12-02T07:35:55.782340 #4770] DEBUG -- : --- end ------------------------
D, [2019-12-02T07:35:55.782389 #4770] DEBUG -- : uri.parse end localhost:3000
E, [2019-12-02T07:35:55.783831 #4770] ERROR -- : undefined method `map' for #<String:0x000056038c9a3c20>
Did you mean?  tap
D, [2019-12-02T07:35:55.783945 #4770] DEBUG -- : --- begin ----------------------
D, [2019-12-02T07:35:55.784007 #4770] DEBUG -- : {"name":"双体性おとめ理論　　　　ＴＥＮＭＡ　ＣＯＭＩＣＳ　ＬＯ","author":"無道叡智 著","comic_name":"ＴＥＮＭＡ　ＣＯＭＩＣＳ","publisher":"茜新社","publish_date":"20191226","is_adult":"true"}
D, [2019-12-02T07:35:55.784043 #4770] DEBUG -- : 双体性おとめ理論　　　　ＴＥＮＭＡ　ＣＯＭＩＣＳ　ＬＯ
D, [2019-12-02T07:35:55.784079 #4770] DEBUG -- : 無道叡智 著
D, [2019-12-02T07:35:55.786689 #4770] DEBUG -- : --- end ------------------------
D, [2019-12-02T07:35:55.786778 #4770] DEBUG -- : uri.parse end localhost:3000
E, [2019-12-02T07:35:55.788573 #4770] ERROR -- : undefined method `map' for #<String:0x000056038cc318c0>
Did you mean?  tap
D, [2019-12-02T07:35:55.788668 #4770] DEBUG -- : --- begin ----------------------
D, [2019-12-02T07:35:55.788732 #4770] DEBUG -- : {"name":"ヘンな処女でもいいですか？　　　　ＡＯＨＡ　ＣＯＭＩＣＳ","author":"薬味紅生姜 著","comic_name":"ＴＥＮＭＡ　ＣＯＭＩＣＳ","publisher":"茜新社","publish_date":"20191226","is_adult":"true"}
D, [2019-12-02T07:35:55.788767 #4770] DEBUG -- : ヘンな処女でもいいですか？　　　　ＡＯＨＡ　ＣＯＭＩＣＳ
D, [2019-12-02T07:35:55.788804 #4770] DEBUG -- : 薬味紅生姜 著
D, [2019-12-02T07:35:55.788840 #4770] DEBUG -- : --- end ------------------------
D, [2019-12-02T07:35:55.788897 #4770] DEBUG -- : uri.parse end localhost:3000
E, [2019-12-02T07:35:55.790291 #4770] ERROR -- : undefined method `map' for #<String:0x000056038ce30d88>
Did you mean?  tap
D, [2019-12-02T07:35:55.790371 #4770] DEBUG -- : --- begin ----------------------
D, [2019-12-02T07:35:55.790434 #4770] DEBUG -- : {"name":"ＢＯＲＤＥＲＬＩＮＥ　　　　ＡＯＨＡ　ＣＯＭＩＣＳ","author":"桐原　湧 著","comic_name":"ＴＥＮＭＡ　ＣＯＭＩＣＳ","publisher":"茜新社","publish_date":"20191226","is_adult":"true"}
D, [2019-12-02T07:35:55.790477 #4770] DEBUG -- : ＢＯＲＤＥＲＬＩＮＥ　　　　ＡＯＨＡ　ＣＯＭＩＣＳ
D, [2019-12-02T07:35:55.790529 #4770] DEBUG -- : 桐原　湧 著
D, [2019-12-02T07:35:55.790560 #4770] DEBUG -- : --- end ------------------------
D, [2019-12-02T07:35:55.790616 #4770] DEBUG -- : uri.parse end localhost:3000
E, [2019-12-02T07:35:55.792014 #4770] ERROR -- : undefined method `map' for #<String:0x000056038ce54530>
Did you mean?  tap
D, [2019-12-02T07:35:55.792098 #4770] DEBUG -- : --- begin ----------------------
D, [2019-12-02T07:35:55.792163 #4770] DEBUG -- : {"name":"ロマンティック　　　　ＥＤＧＥ　ＣＯＭＩＸ","author":"西田ヒガシ 著","comic_name":"ＴＥＮＭＡ　ＣＯＭＩＣＳ","publisher":"茜新社","publish_date":"20191226","is_adult":"false"}
D, [2019-12-02T07:35:55.792206 #4770] DEBUG -- : ロマンティック　　　　ＥＤＧＥ　ＣＯＭＩＸ
D, [2019-12-02T07:35:55.792243 #4770] DEBUG -- : 西田ヒガシ 著
D, [2019-12-02T07:35:55.792278 #4770] DEBUG -- : --- end ------------------------
D, [2019-12-02T07:35:55.792338 #4770] DEBUG -- : uri.parse end localhost:3000
E, [2019-12-02T07:35:55.793747 #4770] ERROR -- : undefined method `map' for #<String:0x000056038ce78408>
Did you mean?  tap
D, [2019-12-02T07:37:12.297746 #4800] DEBUG -- : --- begin ----------------------
D, [2019-12-02T07:37:12.298203 #4800] DEBUG -- : {"name":"メスっこ大好き　　　　ＴＥＮＭＡ　ＣＯＭＩＣＳ　ＬＯ","author":"あいらんどう 著","comic_name":"ＴＥＮＭＡ　ＣＯＭＩＣＳ","publisher":"茜新社","publish_date":"20191226","is_adult":"true"}
D, [2019-12-02T07:37:12.298386 #4800] DEBUG -- : メスっこ大好き　　　　ＴＥＮＭＡ　ＣＯＭＩＣＳ　ＬＯ
D, [2019-12-02T07:37:12.298529 #4800] DEBUG -- : あいらんどう 著
D, [2019-12-02T07:37:12.298668 #4800] DEBUG -- : --- end ------------------------
D, [2019-12-02T07:37:12.298865 #4800] DEBUG -- : uri.parse end localhost:3000
E, [2019-12-02T07:37:12.300689 #4800] ERROR -- : undefined method `map' for #<String:0x000055f7f4e7fb20>
Did you mean?  tap
D, [2019-12-02T07:37:12.300953 #4800] DEBUG -- : --- begin ----------------------
D, [2019-12-02T07:37:12.301121 #4800] DEBUG -- : {"name":"とろとろむちゅう　　　　ＴＥＮＭＡ　ＣＯＭＩＣＳ　ＬＯ","author":"ふみー 著","comic_name":"ＴＥＮＭＡ　ＣＯＭＩＣＳ","publisher":"茜新社","publish_date":"20191226","is_adult":"true"}
D, [2019-12-02T07:37:12.301322 #4800] DEBUG -- : とろとろむちゅう　　　　ＴＥＮＭＡ　ＣＯＭＩＣＳ　ＬＯ
D, [2019-12-02T07:37:12.301486 #4800] DEBUG -- : ふみー 著
D, [2019-12-02T07:37:12.301615 #4800] DEBUG -- : --- end ------------------------
D, [2019-12-02T07:37:12.301775 #4800] DEBUG -- : uri.parse end localhost:3000
E, [2019-12-02T07:37:12.303176 #4800] ERROR -- : undefined method `map' for #<String:0x000055f7f4da9a70>
Did you mean?  tap
D, [2019-12-02T07:37:12.303424 #4800] DEBUG -- : --- begin ----------------------
D, [2019-12-02T07:37:12.303667 #4800] DEBUG -- : {"name":"双体性おとめ理論　　　　ＴＥＮＭＡ　ＣＯＭＩＣＳ　ＬＯ","author":"無道叡智 著","comic_name":"ＴＥＮＭＡ　ＣＯＭＩＣＳ","publisher":"茜新社","publish_date":"20191226","is_adult":"true"}
D, [2019-12-02T07:37:12.303877 #4800] DEBUG -- : 双体性おとめ理論　　　　ＴＥＮＭＡ　ＣＯＭＩＣＳ　ＬＯ
D, [2019-12-02T07:37:12.304070 #4800] DEBUG -- : 無道叡智 著
D, [2019-12-02T07:37:12.304196 #4800] DEBUG -- : --- end ------------------------
D, [2019-12-02T07:37:12.304360 #4800] DEBUG -- : uri.parse end localhost:3000
E, [2019-12-02T07:37:12.308463 #4800] ERROR -- : undefined method `map' for #<String:0x000055f7f5040108>
Did you mean?  tap
D, [2019-12-02T07:37:12.308796 #4800] DEBUG -- : --- begin ----------------------
D, [2019-12-02T07:37:12.308947 #4800] DEBUG -- : {"name":"ヘンな処女でもいいですか？　　　　ＡＯＨＡ　ＣＯＭＩＣＳ","author":"薬味紅生姜 著","comic_name":"ＴＥＮＭＡ　ＣＯＭＩＣＳ","publisher":"茜新社","publish_date":"20191226","is_adult":"true"}
D, [2019-12-02T07:37:12.309175 #4800] DEBUG -- : ヘンな処女でもいいですか？　　　　ＡＯＨＡ　ＣＯＭＩＣＳ
D, [2019-12-02T07:37:12.309320 #4800] DEBUG -- : 薬味紅生姜 著
D, [2019-12-02T07:37:12.309455 #4800] DEBUG -- : --- end ------------------------
D, [2019-12-02T07:37:12.309644 #4800] DEBUG -- : uri.parse end localhost:3000
E, [2019-12-02T07:37:12.311038 #4800] ERROR -- : undefined method `map' for #<String:0x000055f7f5238ac8>
Did you mean?  tap
D, [2019-12-02T07:37:12.311271 #4800] DEBUG -- : --- begin ----------------------
D, [2019-12-02T07:37:12.311517 #4800] DEBUG -- : {"name":"ＢＯＲＤＥＲＬＩＮＥ　　　　ＡＯＨＡ　ＣＯＭＩＣＳ","author":"桐原　湧 著","comic_name":"ＴＥＮＭＡ　ＣＯＭＩＣＳ","publisher":"茜新社","publish_date":"20191226","is_adult":"true"}
D, [2019-12-02T07:37:12.311724 #4800] DEBUG -- : ＢＯＲＤＥＲＬＩＮＥ　　　　ＡＯＨＡ　ＣＯＭＩＣＳ
D, [2019-12-02T07:37:12.311907 #4800] DEBUG -- : 桐原　湧 著
D, [2019-12-02T07:37:12.312035 #4800] DEBUG -- : --- end ------------------------
D, [2019-12-02T07:37:12.312218 #4800] DEBUG -- : uri.parse end localhost:3000
E, [2019-12-02T07:37:12.313560 #4800] ERROR -- : undefined method `map' for #<String:0x000055f7f525c2c0>
Did you mean?  tap
D, [2019-12-02T07:37:12.313817 #4800] DEBUG -- : --- begin ----------------------
D, [2019-12-02T07:37:12.314086 #4800] DEBUG -- : {"name":"ロマンティック　　　　ＥＤＧＥ　ＣＯＭＩＸ","author":"西田ヒガシ 著","comic_name":"ＴＥＮＭＡ　ＣＯＭＩＣＳ","publisher":"茜新社","publish_date":"20191226","is_adult":"false"}
D, [2019-12-02T07:37:12.314270 #4800] DEBUG -- : ロマンティック　　　　ＥＤＧＥ　ＣＯＭＩＸ
D, [2019-12-02T07:37:12.314412 #4800] DEBUG -- : 西田ヒガシ 著
D, [2019-12-02T07:37:12.314553 #4800] DEBUG -- : --- end ------------------------
D, [2019-12-02T07:37:12.314716 #4800] DEBUG -- : uri.parse end localhost:3000
E, [2019-12-02T07:37:12.316107 #4800] ERROR -- : undefined method `map' for #<String:0x000055f7f5284248>
Did you mean?  tap
D, [2019-12-02T07:40:55.844687 #4867] DEBUG -- : --- begin ----------------------
D, [2019-12-02T07:40:55.844838 #4867] DEBUG -- : {"name":"メスっこ大好き　　　　ＴＥＮＭＡ　ＣＯＭＩＣＳ　ＬＯ","author":"あいらんどう 著","comic_name":"ＴＥＮＭＡ　ＣＯＭＩＣＳ","publisher":"茜新社","publish_date":"20191226","is_adult":"true"}
D, [2019-12-02T07:40:55.844880 #4867] DEBUG -- : メスっこ大好き　　　　ＴＥＮＭＡ　ＣＯＭＩＣＳ　ＬＯ
D, [2019-12-02T07:40:55.844911 #4867] DEBUG -- : あいらんどう 著
D, [2019-12-02T07:40:55.844940 #4867] DEBUG -- : --- end ------------------------
D, [2019-12-02T07:40:55.845014 #4867] DEBUG -- : uri.parse end localhost:3000
E, [2019-12-02T07:40:55.849675 #4867] ERROR -- : undefined method `map' for #<String:0x000056274bd23868>
Did you mean?  tap
D, [2019-12-02T07:40:55.849782 #4867] DEBUG -- : --- begin ----------------------
D, [2019-12-02T07:40:55.849849 #4867] DEBUG -- : {"name":"とろとろむちゅう　　　　ＴＥＮＭＡ　ＣＯＭＩＣＳ　ＬＯ","author":"ふみー 著","comic_name":"ＴＥＮＭＡ　ＣＯＭＩＣＳ","publisher":"茜新社","publish_date":"20191226","is_adult":"true"}
D, [2019-12-02T07:40:55.849893 #4867] DEBUG -- : とろとろむちゅう　　　　ＴＥＮＭＡ　ＣＯＭＩＣＳ　ＬＯ
D, [2019-12-02T07:40:55.849931 #4867] DEBUG -- : ふみー 著
D, [2019-12-02T07:40:55.849966 #4867] DEBUG -- : --- end ------------------------
D, [2019-12-02T07:40:55.850051 #4867] DEBUG -- : uri.parse end localhost:3000
E, [2019-12-02T07:40:55.851460 #4867] ERROR -- : undefined method `map' for #<String:0x000056274bc49370>
Did you mean?  tap
D, [2019-12-02T07:40:55.851542 #4867] DEBUG -- : --- begin ----------------------
D, [2019-12-02T07:40:55.851607 #4867] DEBUG -- : {"name":"双体性おとめ理論　　　　ＴＥＮＭＡ　ＣＯＭＩＣＳ　ＬＯ","author":"無道叡智 著","comic_name":"ＴＥＮＭＡ　ＣＯＭＩＣＳ","publisher":"茜新社","publish_date":"20191226","is_adult":"true"}
D, [2019-12-02T07:40:55.851668 #4867] DEBUG -- : 双体性おとめ理論　　　　ＴＥＮＭＡ　ＣＯＭＩＣＳ　ＬＯ
D, [2019-12-02T07:40:55.851708 #4867] DEBUG -- : 無道叡智 著
D, [2019-12-02T07:40:55.851743 #4867] DEBUG -- : --- end ------------------------
D, [2019-12-02T07:40:55.851800 #4867] DEBUG -- : uri.parse end localhost:3000
E, [2019-12-02T07:40:55.853348 #4867] ERROR -- : undefined method `map' for #<String:0x000056274bedff58>
Did you mean?  tap
D, [2019-12-02T07:40:55.853427 #4867] DEBUG -- : --- begin ----------------------
D, [2019-12-02T07:40:55.853491 #4867] DEBUG -- : {"name":"ヘンな処女でもいいですか？　　　　ＡＯＨＡ　ＣＯＭＩＣＳ","author":"薬味紅生姜 著","comic_name":"ＴＥＮＭＡ　ＣＯＭＩＣＳ","publisher":"茜新社","publish_date":"20191226","is_adult":"true"}
D, [2019-12-02T07:40:55.853534 #4867] DEBUG -- : ヘンな処女でもいいですか？　　　　ＡＯＨＡ　ＣＯＭＩＣＳ
D, [2019-12-02T07:40:55.853571 #4867] DEBUG -- : 薬味紅生姜 著
D, [2019-12-02T07:40:55.853606 #4867] DEBUG -- : --- end ------------------------
D, [2019-12-02T07:40:55.853662 #4867] DEBUG -- : uri.parse end localhost:3000
E, [2019-12-02T07:40:55.855083 #4867] ERROR -- : undefined method `map' for #<String:0x000056274c0d8940>
Did you mean?  tap
D, [2019-12-02T07:40:55.855162 #4867] DEBUG -- : --- begin ----------------------
D, [2019-12-02T07:40:55.855227 #4867] DEBUG -- : {"name":"ＢＯＲＤＥＲＬＩＮＥ　　　　ＡＯＨＡ　ＣＯＭＩＣＳ","author":"桐原　湧 著","comic_name":"ＴＥＮＭＡ　ＣＯＭＩＣＳ","publisher":"茜新社","publish_date":"20191226","is_adult":"true"}
D, [2019-12-02T07:40:55.855270 #4867] DEBUG -- : ＢＯＲＤＥＲＬＩＮＥ　　　　ＡＯＨＡ　ＣＯＭＩＣＳ
D, [2019-12-02T07:40:55.855307 #4867] DEBUG -- : 桐原　湧 著
D, [2019-12-02T07:40:55.855342 #4867] DEBUG -- : --- end ------------------------
D, [2019-12-02T07:40:55.855398 #4867] DEBUG -- : uri.parse end localhost:3000
E, [2019-12-02T07:40:55.856816 #4867] ERROR -- : undefined method `map' for #<String:0x000056274c0fc110>
Did you mean?  tap
D, [2019-12-02T07:40:55.856897 #4867] DEBUG -- : --- begin ----------------------
D, [2019-12-02T07:40:55.856961 #4867] DEBUG -- : {"name":"ロマンティック　　　　ＥＤＧＥ　ＣＯＭＩＸ","author":"西田ヒガシ 著","comic_name":"ＴＥＮＭＡ　ＣＯＭＩＣＳ","publisher":"茜新社","publish_date":"20191226","is_adult":"false"}
D, [2019-12-02T07:40:55.856996 #4867] DEBUG -- : ロマンティック　　　　ＥＤＧＥ　ＣＯＭＩＸ
D, [2019-12-02T07:40:55.857025 #4867] DEBUG -- : 西田ヒガシ 著
D, [2019-12-02T07:40:55.857059 #4867] DEBUG -- : --- end ------------------------
D, [2019-12-02T07:40:55.857125 #4867] DEBUG -- : uri.parse end localhost:3000
E, [2019-12-02T07:40:55.858563 #4867] ERROR -- : undefined method `map' for #<String:0x000056274c120060>
Did you mean?  tap
D, [2019-12-02T07:43:18.413795 #4916] DEBUG -- : --- begin ----------------------
D, [2019-12-02T07:43:18.414917 #4916] DEBUG -- : {"name":"メスっこ大好き　　　　ＴＥＮＭＡ　ＣＯＭＩＣＳ　ＬＯ","author":"あいらんどう 著","comic_name":"ＴＥＮＭＡ　ＣＯＭＩＣＳ","publisher":"茜新社","publish_date":"20191226","is_adult":"true"}
D, [2019-12-02T07:43:18.414962 #4916] DEBUG -- : メスっこ大好き　　　　ＴＥＮＭＡ　ＣＯＭＩＣＳ　ＬＯ
D, [2019-12-02T07:43:18.414995 #4916] DEBUG -- : あいらんどう 著
D, [2019-12-02T07:43:18.415030 #4916] DEBUG -- : --- end ------------------------
D, [2019-12-02T07:43:18.415107 #4916] DEBUG -- : uri.parse end localhost:3000
E, [2019-12-02T07:43:18.417708 #4916] ERROR -- : undefined method `post_form' for #<Net::HTTP localhost:3000 open=false>
D, [2019-12-02T07:43:18.417795 #4916] DEBUG -- : --- begin ----------------------
D, [2019-12-02T07:43:18.417871 #4916] DEBUG -- : {"name":"とろとろむちゅう　　　　ＴＥＮＭＡ　ＣＯＭＩＣＳ　ＬＯ","author":"ふみー 著","comic_name":"ＴＥＮＭＡ　ＣＯＭＩＣＳ","publisher":"茜新社","publish_date":"20191226","is_adult":"true"}
D, [2019-12-02T07:43:18.417916 #4916] DEBUG -- : とろとろむちゅう　　　　ＴＥＮＭＡ　ＣＯＭＩＣＳ　ＬＯ
D, [2019-12-02T07:43:18.417949 #4916] DEBUG -- : ふみー 著
D, [2019-12-02T07:43:18.417978 #4916] DEBUG -- : --- end ------------------------
D, [2019-12-02T07:43:18.418029 #4916] DEBUG -- : uri.parse end localhost:3000
E, [2019-12-02T07:43:18.420594 #4916] ERROR -- : undefined method `post_form' for #<Net::HTTP localhost:3000 open=false>
D, [2019-12-02T07:43:18.420699 #4916] DEBUG -- : --- begin ----------------------
D, [2019-12-02T07:43:18.420764 #4916] DEBUG -- : {"name":"双体性おとめ理論　　　　ＴＥＮＭＡ　ＣＯＭＩＣＳ　ＬＯ","author":"無道叡智 著","comic_name":"ＴＥＮＭＡ　ＣＯＭＩＣＳ","publisher":"茜新社","publish_date":"20191226","is_adult":"true"}
D, [2019-12-02T07:43:18.420807 #4916] DEBUG -- : 双体性おとめ理論　　　　ＴＥＮＭＡ　ＣＯＭＩＣＳ　ＬＯ
D, [2019-12-02T07:43:18.420840 #4916] DEBUG -- : 無道叡智 著
D, [2019-12-02T07:43:18.420873 #4916] DEBUG -- : --- end ------------------------
D, [2019-12-02T07:43:18.420926 #4916] DEBUG -- : uri.parse end localhost:3000
E, [2019-12-02T07:43:18.423039 #4916] ERROR -- : undefined method `post_form' for #<Net::HTTP localhost:3000 open=false>
D, [2019-12-02T07:43:18.423118 #4916] DEBUG -- : --- begin ----------------------
D, [2019-12-02T07:43:18.423182 #4916] DEBUG -- : {"name":"ヘンな処女でもいいですか？　　　　ＡＯＨＡ　ＣＯＭＩＣＳ","author":"薬味紅生姜 著","comic_name":"ＴＥＮＭＡ　ＣＯＭＩＣＳ","publisher":"茜新社","publish_date":"20191226","is_adult":"true"}
D, [2019-12-02T07:43:18.423225 #4916] DEBUG -- : ヘンな処女でもいいですか？　　　　ＡＯＨＡ　ＣＯＭＩＣＳ
D, [2019-12-02T07:43:18.423258 #4916] DEBUG -- : 薬味紅生姜 著
D, [2019-12-02T07:43:18.423286 #4916] DEBUG -- : --- end ------------------------
D, [2019-12-02T07:43:18.423335 #4916] DEBUG -- : uri.parse end localhost:3000
E, [2019-12-02T07:43:18.428513 #4916] ERROR -- : undefined method `post_form' for #<Net::HTTP localhost:3000 open=false>
D, [2019-12-02T07:43:18.428750 #4916] DEBUG -- : --- begin ----------------------
D, [2019-12-02T07:43:18.428856 #4916] DEBUG -- : {"name":"ＢＯＲＤＥＲＬＩＮＥ　　　　ＡＯＨＡ　ＣＯＭＩＣＳ","author":"桐原　湧 著","comic_name":"ＴＥＮＭＡ　ＣＯＭＩＣＳ","publisher":"茜新社","publish_date":"20191226","is_adult":"true"}
D, [2019-12-02T07:43:18.428916 #4916] DEBUG -- : ＢＯＲＤＥＲＬＩＮＥ　　　　ＡＯＨＡ　ＣＯＭＩＣＳ
D, [2019-12-02T07:43:18.428955 #4916] DEBUG -- : 桐原　湧 著
D, [2019-12-02T07:43:18.428991 #4916] DEBUG -- : --- end ------------------------
D, [2019-12-02T07:43:18.429065 #4916] DEBUG -- : uri.parse end localhost:3000
E, [2019-12-02T07:43:18.431317 #4916] ERROR -- : undefined method `post_form' for #<Net::HTTP localhost:3000 open=false>
D, [2019-12-02T07:43:18.431398 #4916] DEBUG -- : --- begin ----------------------
D, [2019-12-02T07:43:18.431463 #4916] DEBUG -- : {"name":"ロマンティック　　　　ＥＤＧＥ　ＣＯＭＩＸ","author":"西田ヒガシ 著","comic_name":"ＴＥＮＭＡ　ＣＯＭＩＣＳ","publisher":"茜新社","publish_date":"20191226","is_adult":"false"}
D, [2019-12-02T07:43:18.431506 #4916] DEBUG -- : ロマンティック　　　　ＥＤＧＥ　ＣＯＭＩＸ
D, [2019-12-02T07:43:18.431538 #4916] DEBUG -- : 西田ヒガシ 著
D, [2019-12-02T07:43:18.431566 #4916] DEBUG -- : --- end ------------------------
D, [2019-12-02T07:43:18.431616 #4916] DEBUG -- : uri.parse end localhost:3000
E, [2019-12-02T07:43:18.433882 #4916] ERROR -- : undefined method `post_form' for #<Net::HTTP localhost:3000 open=false>
